C51 COMPILER V9.01   LCD1602                                                               11/25/2022 22:50:27 PAGE 1   


C51 COMPILER V9.01, COMPILATION OF MODULE LCD1602
OBJECT MODULE PLACED IN .\output\lcd1602.obj
COMPILER INVOKED BY: C:\Keil_v5-79\C51\BIN\C51.EXE driver\lcd1602.c COMPACT BROWSE INCDIR(.\driver) DEBUG OBJECTEXTEND C
                    -ODE SYMBOLS PRINT(.\output\lcd1602.lst) PREPRINT(.\output\lcd1602.i) OBJECT(.\output\lcd1602.obj)

line level    source

   1          
   2          #include "lcd1602.h"
   3          
   4          void  wc51r(unsigned char  i);
   5          void  wc51ddr(unsigned char  i);
   6          void  fbusy(void);
   7          
   8          //初始化函数
   9          void  lcd1602Init()
  10          {
  11   1              wc51r(0x38);            //使用8位数据,显示两行,使用5×7的字型
  12   1              wc51r(0x0c);            //显示器开,光标关,字符不闪烁
  13   1              wc51r(0x06);            //字符不动,光标自动右移一格
  14   1              wc51r(0x01);            //清屏
  15   1      }
  16          //检查忙函数
  17          void  fbusy()
  18          {
  19   1              LCD_PORT=0Xff;
  20   1              LCD_RS=0;
  21   1              LCD_RW=1;
  22   1              LCD_E=0; 
  23   1              LCD_E=1;
  24   1              while (LCD_PORT&0x80){//忙,等待
  25   2                      LCD_E=0;
  26   2                      LCD_E=1;
  27   2              }      //忙,等待
  28   1      }
  29          //写命令函数
  30          void  wc51r(unsigned char  j)
  31          {
  32   1              fbusy();
  33   1              LCD_E=0;
  34   1              LCD_RS=0;
  35   1              LCD_RW=0;
  36   1              LCD_E=1;
  37   1              LCD_PORT=j;
  38   1              LCD_E=0;
  39   1      }
  40          //写数据函数
  41          void  wc51ddr(unsigned char  j)
  42          {
  43   1              fbusy();
  44   1              LCD_E=0;
  45   1              LCD_RS=1;
  46   1              LCD_RW=0;
  47   1              LCD_E=1;
  48   1              LCD_PORT=j;
  49   1              LCD_E=0;
  50   1      }
  51          /*字符串显示函数
  52          入口参数：
  53          raw：行号； col：列号；length：字符串长度； *str：字符串*/
  54          void  lcd1602WriteString(unsigned char row,
C51 COMPILER V9.01   LCD1602                                                               11/25/2022 22:50:27 PAGE 2   

  55                                                          unsigned char col,
  56                                                          unsigned char length,
  57                                                          unsigned char *str)
  58          {
  59   1              unsigned char i;
  60   1              wc51r(0x80+0x40*row+col);
  61   1              for (i=0;i<length;i++)  {
  62   2                      wc51ddr(*str);
  63   2                      str++;
  64   2              }
  65   1      }
  66          
  67          void lcd1602WriteChar(unsigned char row,
  68                                                    unsigned char col,
  69                                                    char ch)
  70          {
  71   1              wc51r(0x80+0x40*row+col);
  72   1              wc51ddr(ch);
  73   1      
  74   1      }
C51 COMPILER V9.01   LCD1602                                                               11/25/2022 22:50:27 PAGE 3   

ASSEMBLY LISTING OF GENERATED OBJECT CODE


             ; FUNCTION lcd1602Init (BEGIN)
                                           ; SOURCE LINE # 9
                                           ; SOURCE LINE # 10
                                           ; SOURCE LINE # 11
0000 7F38              MOV     R7,#038H
0002 120000      R     LCALL   _wc51r
                                           ; SOURCE LINE # 12
0005 7F0C              MOV     R7,#0CH
0007 120000      R     LCALL   _wc51r
                                           ; SOURCE LINE # 13
000A 7F06              MOV     R7,#06H
000C 120000      R     LCALL   _wc51r
                                           ; SOURCE LINE # 14
000F 7F01              MOV     R7,#01H
0011 020000      R     LJMP    _wc51r
             ; FUNCTION lcd1602Init (END)

             ; FUNCTION fbusy (BEGIN)
                                           ; SOURCE LINE # 17
                                           ; SOURCE LINE # 18
                                           ; SOURCE LINE # 19
0000 7580FF            MOV     P0,#0FFH
                                           ; SOURCE LINE # 20
0003 C297              CLR     LCD_RS
                                           ; SOURCE LINE # 21
0005 D296              SETB    LCD_RW
                                           ; SOURCE LINE # 22
                                           ; SOURCE LINE # 23
0007 8005              SJMP    ?C0012
0009         ?C0002:
                                           ; SOURCE LINE # 24
0009 E580              MOV     A,P0
000B 30E706            JNB     ACC.7,?C0004
                                           ; SOURCE LINE # 25
000E         ?C0012:
000E C295              CLR     LCD_E
                                           ; SOURCE LINE # 26
0010 D295              SETB    LCD_E
                                           ; SOURCE LINE # 27
0012 80F5              SJMP    ?C0002
                                           ; SOURCE LINE # 28
0014         ?C0004:
0014 22                RET     
             ; FUNCTION fbusy (END)

             ; FUNCTION L?0013 (BEGIN)
0000 EF                MOV     A,R7
0001 75F040            MOV     B,#040H
0004 A4                MUL     AB
0005 2480              ADD     A,#080H
0007 2D                ADD     A,R5
0008 FF                MOV     R7,A
             ; FUNCTION _wc51r (BEGIN)
                                           ; SOURCE LINE # 30
;---- Variable 'j' assigned to Register 'R7' ----
                                           ; SOURCE LINE # 31
                                           ; SOURCE LINE # 32
0009 120000      R     LCALL   fbusy
                                           ; SOURCE LINE # 33
C51 COMPILER V9.01   LCD1602                                                               11/25/2022 22:50:27 PAGE 4   

000C C295              CLR     LCD_E
                                           ; SOURCE LINE # 34
000E C297              CLR     LCD_RS
                                           ; SOURCE LINE # 35
0010 C296              CLR     LCD_RW
                                           ; SOURCE LINE # 36
0012 D295              SETB    LCD_E
                                           ; SOURCE LINE # 37
0014 8F80              MOV     P0,R7
                                           ; SOURCE LINE # 38
0016 C295              CLR     LCD_E
                                           ; SOURCE LINE # 39
0018 22                RET     
             ; FUNCTION _wc51r (END)

             ; FUNCTION _wc51ddr (BEGIN)
                                           ; SOURCE LINE # 41
;---- Variable 'j' assigned to Register 'R7' ----
                                           ; SOURCE LINE # 42
                                           ; SOURCE LINE # 43
0000 120000      R     LCALL   fbusy
                                           ; SOURCE LINE # 44
0003 C295              CLR     LCD_E
                                           ; SOURCE LINE # 45
0005 D297              SETB    LCD_RS
                                           ; SOURCE LINE # 46
0007 C296              CLR     LCD_RW
                                           ; SOURCE LINE # 47
0009 D295              SETB    LCD_E
                                           ; SOURCE LINE # 48
000B 8F80              MOV     P0,R7
                                           ; SOURCE LINE # 49
000D C295              CLR     LCD_E
                                           ; SOURCE LINE # 50
000F 22                RET     
             ; FUNCTION _wc51ddr (END)

             ; FUNCTION _lcd1602WriteString (BEGIN)
                                           ; SOURCE LINE # 54
;---- Variable 'col' assigned to Register 'R5' ----
;---- Variable 'row' assigned to Register 'R7' ----
;---- Variable 'length' assigned to Register 'R6' ----
0000 AE03              MOV     R6,AR3
                                           ; SOURCE LINE # 58
                                           ; SOURCE LINE # 60
0002 120000      R     LCALL   L?0013
                                           ; SOURCE LINE # 61
;---- Variable 'i' assigned to Register 'R5' ----
0005 E4                CLR     A
0006 FD                MOV     R5,A
0007         ?C0007:
0007 ED                MOV     A,R5
0008 C3                CLR     C
0009 9E                SUBB    A,R6
000A 501D              JNC     ?C0010
                                           ; SOURCE LINE # 62
000C 7800        R     MOV     R0,#LOW str
000E E2                MOVX    A,@R0
000F FB                MOV     R3,A
0010 08                INC     R0
0011 E2                MOVX    A,@R0
0012 FA                MOV     R2,A
C51 COMPILER V9.01   LCD1602                                                               11/25/2022 22:50:27 PAGE 5   

0013 08                INC     R0
0014 E2                MOVX    A,@R0
0015 F9                MOV     R1,A
0016 120000      E     LCALL   ?C?CLDPTR
0019 FF                MOV     R7,A
001A 120000      R     LCALL   _wc51ddr
                                           ; SOURCE LINE # 63
001D E2                MOVX    A,@R0
001E 2401              ADD     A,#01H
0020 F2                MOVX    @R0,A
0021 18                DEC     R0
0022 E2                MOVX    A,@R0
0023 3400              ADDC    A,#00H
0025 F2                MOVX    @R0,A
                                           ; SOURCE LINE # 64
0026 0D                INC     R5
0027 80DE              SJMP    ?C0007
                                           ; SOURCE LINE # 65
0029         ?C0010:
0029 22                RET     
             ; FUNCTION _lcd1602WriteString (END)

             ; FUNCTION _lcd1602WriteChar (BEGIN)
                                           ; SOURCE LINE # 67
;---- Variable 'row' assigned to Register 'R7' ----
;---- Variable 'ch' assigned to Register 'R3' ----
;---- Variable 'col' assigned to Register 'R5' ----
                                           ; SOURCE LINE # 70
                                           ; SOURCE LINE # 71
0000 120000      R     LCALL   L?0013
                                           ; SOURCE LINE # 72
0003 AF03              MOV     R7,AR3
0005 020000      R     LJMP    _wc51ddr
             ; FUNCTION _lcd1602WriteChar (END)

C51 COMPILER V9.01   LCD1602                                                               11/25/2022 22:50:27 PAGE 6   

NAME                                    CLASS   MSPACE  TYPE    OFFSET  SIZE
====                                    =====   ======  ====    ======  ====


P0 . . . . . . . . . . . . . . . . . .  SFR      DATA   U_CHAR   0080H  1
P1 . . . . . . . . . . . . . . . . . .  SFR      DATA   U_CHAR   0090H  1
P3 . . . . . . . . . . . . . . . . . .  SFR      DATA   U_CHAR   00B0H  1
_lcd1602WriteString. . . . . . . . . .  PUBLIC   CODE   PROC     0000H  -----
  row. . . . . . . . . . . . . . . . .  AUTO     DATA   U_CHAR   0007H  1
  col. . . . . . . . . . . . . . . . .  AUTO     DATA   U_CHAR   0005H  1
  length . . . . . . . . . . . . . . .  AUTO     DATA   U_CHAR   0006H  1
  str. . . . . . . . . . . . . . . . .  AUTO     PDATA  PTR      0003H  3
  i. . . . . . . . . . . . . . . . . .  * REG *  DATA   U_CHAR   0005H  1
IE . . . . . . . . . . . . . . . . . .  SFR      DATA   U_CHAR   00A8H  1
_lcd1602WriteChar. . . . . . . . . . .  PUBLIC   CODE   PROC     0000H  -----
  row. . . . . . . . . . . . . . . . .  * REG *  DATA   U_CHAR   0007H  1
  col. . . . . . . . . . . . . . . . .  * REG *  DATA   U_CHAR   0005H  1
  ch . . . . . . . . . . . . . . . . .  * REG *  DATA   CHAR     0003H  1
lcd1602Init. . . . . . . . . . . . . .  PUBLIC   CODE   PROC     0000H  -----
IP . . . . . . . . . . . . . . . . . .  SFR      DATA   U_CHAR   00B8H  1
fbusy. . . . . . . . . . . . . . . . .  PUBLIC   CODE   PROC     0000H  -----
_wc51r . . . . . . . . . . . . . . . .  PUBLIC   CODE   PROC     0009H  -----
  j. . . . . . . . . . . . . . . . . .  * REG *  DATA   U_CHAR   0007H  1
SCON . . . . . . . . . . . . . . . . .  SFR      DATA   U_CHAR   0098H  1
TCON . . . . . . . . . . . . . . . . .  SFR      DATA   U_CHAR   0088H  1
LCD_RS . . . . . . . . . . . . . . . .  ABSBIT   -----  BIT      0097H  1
LCD_RW . . . . . . . . . . . . . . . .  ABSBIT   -----  BIT      0096H  1
T2CON. . . . . . . . . . . . . . . . .  SFR      DATA   U_CHAR   00C8H  1
LCD_E. . . . . . . . . . . . . . . . .  ABSBIT   -----  BIT      0095H  1
PSW. . . . . . . . . . . . . . . . . .  SFR      DATA   U_CHAR   00D0H  1
_wc51ddr . . . . . . . . . . . . . . .  PUBLIC   CODE   PROC     0000H  -----
  j. . . . . . . . . . . . . . . . . .  * REG *  DATA   U_CHAR   0007H  1


MODULE INFORMATION:   STATIC OVERLAYABLE
   CODE SIZE        =    132    ----
   CONSTANT SIZE    =   ----    ----
   XDATA SIZE       =   ----    ----
   PDATA SIZE       =   ----       6
   DATA SIZE        =   ----    ----
   IDATA SIZE       =   ----    ----
   BIT SIZE         =   ----    ----
END OF MODULE INFORMATION.


C51 COMPILATION COMPLETE.  0 WARNING(S),  0 ERROR(S)
